app/build/outputs/logs/manifest-merger-debug-report.txt
-- Merging decision tree log ---
manifest
ADDED from src\main\AndroidManifest.xml:2:1-66:12
	package
		ADDED from src\main\AndroidManifest.xml:3:5-31
		INJECTED from src\main\AndroidManifest.xml
		INJECTED from src\main\AndroidManifest.xml
	android:versionName
		ADDED from src\main\AndroidManifest.xml:5:5-30
	android:versionCode
		ADDED from src\main\AndroidManifest.xml:4:5-28
		INJECTED from src\main\AndroidManifest.xml
		INJECTED from src\main\AndroidManifest.xml
	xmlns:android
		ADDED from src\main\AndroidManifest.xml:2:11-69
uses-sdk
ADDED from src\main\AndroidManifest.xml:7:5-9:41
MERGED from [com.android.support:support-v4:23.0.1] AndroidManifest.xml:20:5-43
	android:targetSdkVersion
		ADDED from src\main\AndroidManifest.xml:9:9-38
		INJECTED from src\main\AndroidManifest.xml
		INJECTED from src\main\AndroidManifest.xml
	android:minSdkVersion
		ADDED from src\main\AndroidManifest.xml:8:9-34
		INJECTED from src\main\AndroidManifest.xml
		INJECTED from src\main\AndroidManifest.xml
application
ADDED from src\main\AndroidManifest.xml:11:5-62:19
MERGED from [com.android.support:support-v4:23.0.1] AndroidManifest.xml:22:5-20
	android:label
		ADDED from src\main\AndroidManifest.xml:14:9-41
	android:allowBackup
		ADDED from src\main\AndroidManifest.xml:12:9-35
	android:icon
		ADDED from src\main\AndroidManifest.xml:13:9-45
	android:theme
		ADDED from src\main\AndroidManifest.xml:15:9-40
activity#com.tweet.search.activity.SearchTweets
ADDED from src\main\AndroidManifest.xml:16:9-24:20
	android:label
		ADDED from src\main\AndroidManifest.xml:18:13-45
	android:configChanges
		ADDED from src\main\AndroidManifest.xml:19:13-81
	android:name
		ADDED from src\main\AndroidManifest.xml:17:13-50
intent-filter#android.intent.action.MAIN+android.intent.category.LAUNCHER
ADDED from src\main\AndroidManifest.xml:20:13-23:29
action#android.intent.action.MAIN
ADDED from src\main\AndroidManifest.xml:21:17-69
	android:name
		ADDED from src\main\AndroidManifest.xml:21:25-66
category#android.intent.category.LAUNCHER
ADDED from src\main\AndroidManifest.xml:22:17-77
	android:name
		ADDED from src\main\AndroidManifest.xml:22:27-74
activity#com.tweet.search.activity.Settings
ADDED from src\main\AndroidManifest.xml:26:9-34:20
	android:label
		ADDED from src\main\AndroidManifest.xml:28:13-45
	android:configChanges
		ADDED from src\main\AndroidManifest.xml:29:13-81
	android:name
		ADDED from src\main\AndroidManifest.xml:27:13-46
intent-filter#android.intent.category.DEFAULT+com.tweet.search.activity.settings
ADDED from src\main\AndroidManifest.xml:30:13-33:29
action#com.tweet.search.activity.settings
ADDED from src\main\AndroidManifest.xml:31:17-77
	android:name
		ADDED from src\main\AndroidManifest.xml:31:25-74
category#android.intent.category.DEFAULT
ADDED from src\main\AndroidManifest.xml:32:17-76
	android:name
		ADDED from src\main\AndroidManifest.xml:32:27-73
provider#com.tweet.search.provider.TweetDataProvider
ADDED from src\main\AndroidManifest.xml:38:2-39:76
	android:authorities
		ADDED from src\main\AndroidManifest.xml:39:9-74
	android:name
		ADDED from src\main\AndroidManifest.xml:38:12-54
service#com.tweet.search.service.TweetService
ADDED from src\main\AndroidManifest.xml:43:2-47:12
	android:name
		ADDED from src\main\AndroidManifest.xml:43:11-47
intent-filter#com.tweet.search.TweetService
ADDED from src\main\AndroidManifest.xml:44:3-46:19
action#com.tweet.search.TweetService
ADDED from src\main\AndroidManifest.xml:45:4-59
	android:name
		ADDED from src\main\AndroidManifest.xml:45:12-56
receiver#com.tweet.search.receiver.TweetAlarmReceiver
ADDED from src\main\AndroidManifest.xml:51:2-57:13
	android:name
		ADDED from src\main\AndroidManifest.xml:52:6-65
intent-filter#android.intent.action.BOOT_COMPLETED+com.tweet.search.INTERVAL_ALARM
ADDED from src\main\AndroidManifest.xml:53:3-56:21
action#com.tweet.search.INTERVAL_ALARM
ADDED from src\main\AndroidManifest.xml:54:7-64
	android:name
		ADDED from src\main\AndroidManifest.xml:54:15-61
action#android.intent.action.BOOT_COMPLETED
ADDED from src\main\AndroidManifest.xml:55:7-68
	android:name
		ADDED from src\main\AndroidManifest.xml:55:15-66
meta-data#CONSUMER_KEY
ADDED from src\main\AndroidManifest.xml:59:9-99
	android:value
		ADDED from src\main\AndroidManifest.xml:59:48-85
	android:name
		ADDED from src\main\AndroidManifest.xml:59:20-47
meta-data#CONSUMER_SECRET
ADDED from src\main\AndroidManifest.xml:60:9-120
	android:value
		ADDED from src\main\AndroidManifest.xml:60:51-106
	android:name
		ADDED from src\main\AndroidManifest.xml:60:20-50
uses-permission#android.permission.INTERNET
ADDED from src\main\AndroidManifest.xml:64:3-65
	android:name
		ADDED from src\main\AndroidManifest.xml:64:20-62
uses-permission#android.permission.RECEIVE_BOOT_COMPLETED
ADDED from src\main\AndroidManifest.xml:65:3-79
	android:name
		ADDED from src\main\AndroidManifest.xml:65:20-76